<?xml version="1.0" encoding="UTF-8"?>
<testsuite name="Cucumber" time="5.759" tests="3" skipped="0" failures="0" errors="0">
<testcase classname="Adding the users to the list." name="Add user - Example #1.1" time="4.342">
<system-out><![CDATA[
Given user is on reqres url.................................................passed
When user enters the "praveen" and "chef"...................................passed
And user hit the users API..................................................passed
Then users are added to list................................................passed
]]></system-out>
</testcase>
<testcase classname="Adding the users to the list." name="Add user - Example #1.2" time="0.577">
<system-out><![CDATA[
Given user is on reqres url.................................................passed
When user enters the "Sathya" and "Analyst".................................passed
And user hit the users API..................................................passed
Then users are added to list................................................passed
]]></system-out>
</testcase>
<testcase classname="Adding the users to the list." name="Updating user details" time="0.499">
<system-out><![CDATA[
Given user is on reqres url.................................................passed
When enters name and job....................................................passed
And user hits the API.......................................................passed
Then user data is updated...................................................passed
]]></system-out>
</testcase>
</testsuite>
