<?xml version="1.0" encoding="UTF-8"?>
<testng-results ignored="0" total="3" passed="3" failed="0" skipped="0">
  <reporter-output>
  </reporter-output>
  <suite started-at="2024-05-27T16:40:59 IST" name="Default suite" finished-at="2024-05-27T16:41:07 IST" duration-ms="7675">
    <groups>
      <group name="cucumber">
        <method signature="AbstractTestNGCucumberTests.runScenario(io.cucumber.testng.PickleWrapper,io.cucumber.testng.FeatureWrapper)[pri:0, instance:Runner.TestRunner@76494737]" name="runScenario" class="io.cucumber.testng.AbstractTestNGCucumberTests"/>
      </group> <!-- cucumber -->
    </groups>
    <test started-at="2024-05-27T16:40:59 IST" name="Default test" finished-at="2024-05-27T16:41:07 IST" duration-ms="7675">
      <class name="Runner.TestRunner">
        <test-method is-config="true" signature="setUpClass(org.testng.ITestContext)[pri:0, instance:Runner.TestRunner@76494737]" started-at="2024-05-27T16:40:59 IST" name="setUpClass" finished-at="2024-05-27T16:41:00 IST" duration-ms="1350" status="PASS">
          <params>
            <param index="0">
              <value>
                <![CDATA[org.testng.TestRunner@6774f264]]>
              </value>
            </param>
          </params>
          <reporter-output>
          </reporter-output>
        </test-method> <!-- setUpClass -->
        <test-method signature="runScenario(io.cucumber.testng.PickleWrapper,io.cucumber.testng.FeatureWrapper)[pri:0, instance:Runner.TestRunner@76494737]" started-at="2024-05-27T16:41:00 IST" name="runScenario" description="Runs Cucumber Scenarios" data-provider="scenarios" finished-at="2024-05-27T16:41:05 IST" duration-ms="4470" status="PASS">
          <params>
            <param index="0">
              <value>
                <![CDATA["Add user"]]>
              </value>
            </param>
            <param index="1">
              <value>
                <![CDATA["Adding the users to the list."]]>
              </value>
            </param>
          </params>
          <reporter-output>
          </reporter-output>
        </test-method> <!-- runScenario -->
        <test-method signature="runScenario(io.cucumber.testng.PickleWrapper,io.cucumber.testng.FeatureWrapper)[pri:0, instance:Runner.TestRunner@76494737]" started-at="2024-05-27T16:41:05 IST" name="runScenario" description="Runs Cucumber Scenarios" data-provider="scenarios" finished-at="2024-05-27T16:41:05 IST" duration-ms="578" status="PASS">
          <params>
            <param index="0">
              <value>
                <![CDATA["Add user"]]>
              </value>
            </param>
            <param index="1">
              <value>
                <![CDATA["Adding the users to the list."]]>
              </value>
            </param>
          </params>
          <reporter-output>
          </reporter-output>
        </test-method> <!-- runScenario -->
        <test-method signature="runScenario(io.cucumber.testng.PickleWrapper,io.cucumber.testng.FeatureWrapper)[pri:0, instance:Runner.TestRunner@76494737]" started-at="2024-05-27T16:41:05 IST" name="runScenario" description="Runs Cucumber Scenarios" data-provider="scenarios" finished-at="2024-05-27T16:41:06 IST" duration-ms="484" status="PASS">
          <params>
            <param index="0">
              <value>
                <![CDATA["Updating user details"]]>
              </value>
            </param>
            <param index="1">
              <value>
                <![CDATA["Adding the users to the list."]]>
              </value>
            </param>
          </params>
          <reporter-output>
          </reporter-output>
        </test-method> <!-- runScenario -->
        <test-method is-config="true" signature="tearDownClass()[pri:0, instance:Runner.TestRunner@76494737]" started-at="2024-05-27T16:41:06 IST" name="tearDownClass" finished-at="2024-05-27T16:41:07 IST" duration-ms="708" status="PASS">
          <reporter-output>
          </reporter-output>
        </test-method> <!-- tearDownClass -->
      </class> <!-- Runner.TestRunner -->
    </test> <!-- Default test -->
  </suite> <!-- Default suite -->
</testng-results>
