<?xml version="1.0" encoding="UTF-8"?>
<!-- Generated by org.testng.reporters.JUnitReportReporter -->
<testsuite hostname="LIN-PF1DNAMY" failures="0" tests="1" name="Runner.AddUpdateRun" time="0.186" errors="1" timestamp="2024-05-27T12:02:51 IST" skipped="0">
  <testcase classname="Runner.AddUpdateRun" name="runScenario" time="0.186">
    <error message="Cannot invoke &quot;io.restassured.specification.RequestSpecification.headers(String, Object, Object[])&quot; because &quot;this.req&quot; is null" type="java.lang.NullPointerException">
      <![CDATA[java.lang.NullPointerException: Cannot invoke "io.restassured.specification.RequestSpecification.headers(String, Object, Object[])" because "this.req" is null
at StepUpdate.AddUserTest.enters_name_and_job(AddUserTest.java:90)
at ✽.enters name and job(file:///C:/Users/SAGANJI/Desktop/new/RestAssuredDemo/src/test/res/Features/AddUpdateUsers.feature:19)
]]>
    </error>
  </testcase> <!-- runScenario -->
</testsuite> <!-- Runner.AddUpdateRun -->
