<?xml version="1.0" encoding="UTF-8"?>
<!-- Generated by org.testng.reporters.JUnitXMLReporter -->
<testsuite ignored="1" hostname="LIN-PF1DNAMY" failures="0" tests="1" name="Test1" time="3.5" errors="0" timestamp="2024-05-17T12:45:10 IST">
  <testcase classname="com.restAssured.RestAssuredDemo.testNG1" name="getData" time="2.959"/>
  <testcase classname="com.restAssured.RestAssuredDemo.testNG1" name="addData" time="0.0">
    <ignored/>
  </testcase> <!-- addData -->
</testsuite> <!-- Test1 -->
